<?xml version="1.0" encoding="UTF-8"?>
<TestRun id="846dee0b-bc8e-4747-8e5a-fa3a6ec4da74" name="ost@OSTD 2011-03-13 21:41:32" runUser="ostd\ost" xmlns="http://microsoft.com/schemas/VisualStudio/TeamTest/2010">
  <TestSettings name="Local" id="42d61d16-619c-4c2b-92df-24a23c063b25">
    <Description>These are default test settings for a local test run.</Description>
    <Deployment enabled="false" runDeploymentRoot="ost_OSTD 2011-03-13 21_41_32">
      <DeploymentItem filename="C:\Users\ost\Code\projects\vs2010\Settings\Settings\bin\Release\Settings.dll" />
    </Deployment>
    <Execution>
      <TestTypeSpecific />
      <AgentRule name="Execution Agents">
      </AgentRule>
    </Execution>
  </TestSettings>
  <Times creation="2011-03-13T21:41:32.4355637+01:00" queuing="2011-03-13T21:41:33.6136311+01:00" start="2011-03-13T21:41:33.7926414+01:00" finish="2011-03-13T21:41:34.2286663+01:00" />
  <ResultSummary outcome="Completed">
    <Counters total="1" executed="1" passed="1" error="0" failed="0" timeout="0" aborted="0" inconclusive="0" passedButRunAborted="0" notRunnable="0" notExecuted="0" disconnected="0" warning="0" completed="0" inProgress="0" pending="0" />
  </ResultSummary>
  <TestDefinitions>
    <UnitTest name="TestMethod1" storage="c:\users\ost\code\projects\vs2010\settings\settingstest\bin\release\settingstest.dll" id="d2cfcd42-ce45-88cf-39a9-f5495b3bf1d8">
      <Execution id="e7069f96-eb6e-410d-961e-e974d782756a" />
      <TestMethod codeBase="C:/Users/ost/Code/projects/vs2010/Settings/SettingsTest/bin/Release/SettingsTest.DLL" adapterTypeName="Microsoft.VisualStudio.TestTools.TestTypes.Unit.UnitTestAdapter, Microsoft.VisualStudio.QualityTools.Tips.UnitTest.Adapter, Version=10.0.0.0, Culture=neutral, PublicKeyToken=b03f5f7f11d50a3a" className="SettingsTest.SettingsTest, SettingsTest, Version=1.0.0.0, Culture=neutral, PublicKeyToken=null" name="TestMethod1" />
    </UnitTest>
  </TestDefinitions>
  <TestLists>
    <TestList name="Results Not in a List" id="8c84fa94-04c1-424b-9868-57a2d4851a1d" />
    <TestList name="All Loaded Results" id="19431567-8539-422a-85d7-44ee4e166bda" />
  </TestLists>
  <TestEntries>
    <TestEntry testId="d2cfcd42-ce45-88cf-39a9-f5495b3bf1d8" executionId="e7069f96-eb6e-410d-961e-e974d782756a" testListId="8c84fa94-04c1-424b-9868-57a2d4851a1d" />
  </TestEntries>
  <Results>
    <UnitTestResult executionId="e7069f96-eb6e-410d-961e-e974d782756a" testId="d2cfcd42-ce45-88cf-39a9-f5495b3bf1d8" testName="TestMethod1" computerName="OSTD" duration="00:00:00.0171399" startTime="2011-03-13T21:41:33.8416442+01:00" endTime="2011-03-13T21:41:34.1286606+01:00" testType="13cdc9d9-ddb5-4fa4-a97d-d965ccfc6d4b" outcome="Passed" testListId="8c84fa94-04c1-424b-9868-57a2d4851a1d" relativeResultsDirectory="e7069f96-eb6e-410d-961e-e974d782756a">
    </UnitTestResult>
  </Results>
</TestRun>